{
  "RSpec": {
    "coverage": {
      "C:/Users/ericm/Desktop/csce431/IISE-Budget-Tracker/app/helpers/application_helper.rb": {
        "lines": [
          1,
          null
        ]
      },
      "C:/Users/ericm/Desktop/csce431/IISE-Budget-Tracker/app/helpers/iise_budget_tracker_helper.rb": {
        "lines": [
          1,
          null
        ]
      },
      "C:/Users/ericm/Desktop/csce431/IISE-Budget-Tracker/app/helpers/products_helper.rb": {
        "lines": [
          1,
          null
        ]
      },
      "C:/Users/ericm/Desktop/csce431/IISE-Budget-Tracker/app/models/product.rb": {
        "lines": [
          1,
          1,
          null
        ]
      },
      "C:/Users/ericm/Desktop/csce431/IISE-Budget-Tracker/app/models/application_record.rb": {
        "lines": [
          1,
          1,
          null
        ]
      },
      "C:/Users/ericm/Desktop/csce431/IISE-Budget-Tracker/app/controllers/application_controller.rb": {
        "lines": [
          1,
          1,
          null
        ]
      },
      "C:/Users/ericm/Desktop/csce431/IISE-Budget-Tracker/app/controllers/iise_budget_tracker_controller.rb": {
        "lines": [
          1,
          1,
          1,
          1,
          0,
          null,
          1,
          0,
          null,
          1,
          0,
          null,
          null,
          null,
          1,
          0,
          null,
          null,
          1,
          1,
          null,
          null,
          null,
          1,
          0,
          null,
          null,
          1,
          null,
          0,
          0,
          0,
          null,
          0,
          null,
          null,
          null,
          1,
          0,
          null,
          null,
          1,
          0,
          0,
          0,
          null,
          0,
          null,
          null,
          null,
          1,
          0,
          0,
          0,
          null,
          0,
          null,
          null,
          null,
          null,
          1,
          0,
          null,
          null,
          null,
          1,
          0,
          null,
          null
        ]
      },
      "C:/Users/ericm/Desktop/csce431/IISE-Budget-Tracker/app/models/budget_request.rb": {
        "lines": [
          1,
          1,
          1,
          1,
          1,
          null
        ]
      },
      "C:/Users/ericm/Desktop/csce431/IISE-Budget-Tracker/app/controllers/products_controller.rb": {
        "lines": [
          1,
          null,
          1,
          1,
          null,
          1,
          0,
          null,
          null,
          1,
          0,
          null,
          null,
          1,
          0,
          null,
          null,
          1,
          null,
          null,
          0,
          0,
          0,
          0,
          null,
          0,
          0,
          null,
          0,
          0,
          null,
          null,
          null,
          1,
          0,
          null,
          null,
          1,
          null,
          0,
          null,
          0,
          null,
          0,
          0,
          null,
          0,
          null,
          null,
          null,
          1,
          0,
          null,
          null,
          1,
          0,
          0,
          0,
          0,
          null,
          null,
          null,
          null,
          1,
          null,
          1,
          0,
          null,
          null,
          1,
          5,
          null,
          null,
          1,
          0,
          null,
          null,
          null
        ]
      },
      "C:/Users/ericm/Desktop/csce431/IISE-Budget-Tracker/app/channels/application_cable/channel.rb": {
        "lines": [
          0,
          0,
          0,
          0
        ],
        "branches": {
        }
      },
      "C:/Users/ericm/Desktop/csce431/IISE-Budget-Tracker/app/channels/application_cable/connection.rb": {
        "lines": [
          0,
          0,
          0,
          0
        ],
        "branches": {
        }
      },
      "C:/Users/ericm/Desktop/csce431/IISE-Budget-Tracker/app/jobs/application_job.rb": {
        "lines": [
          0,
          0
        ],
        "branches": {
        }
      },
      "C:/Users/ericm/Desktop/csce431/IISE-Budget-Tracker/app/mailers/application_mailer.rb": {
        "lines": [
          0,
          0,
          0,
          0
        ],
        "branches": {
        }
      },
      "C:/Users/ericm/Desktop/csce431/IISE-Budget-Tracker/app/models/item.rb": {
        "lines": [
          0,
          0,
          0
        ],
        "branches": {
        }
      }
    },
    "timestamp": 1602453365
  }
}
